This is pdfTeX, Version 3.14159265-2.6-1.40.16 (TeX Live 2015/Debian) (preloaded format=pdflatex 2017.2.12)  5 MAR 2017 15:31
entering extended mode
 restricted \write18 enabled.
 %&-line parsing enabled.
**./latex/packingList.tex
(./latex/packingList.tex
LaTeX2e <2016/02/01>
Babel <3.9q> and hyphenation patterns for 3 language(s) loaded.
(/usr/share/texlive/texmf-dist/tex/latex/base/article.cls
Document Class: article 2014/09/29 v1.4h Standard LaTeX document class
(/usr/share/texlive/texmf-dist/tex/latex/base/size12.clo
File: size12.clo 2014/09/29 v1.4h Standard LaTeX file (size option)
)
\c@part=\count79
\c@section=\count80
\c@subsection=\count81
\c@subsubsection=\count82
\c@paragraph=\count83
\c@subparagraph=\count84
\c@figure=\count85
\c@table=\count86
\abovecaptionskip=\skip41
\belowcaptionskip=\skip42
\bibindent=\dimen102
)
(/usr/share/texlive/texmf-dist/tex/latex/float/float.sty
Package: float 2001/11/08 v1.3d Float enhancements (AL)
\c@float@type=\count87
\float@exts=\toks14
\float@box=\box26
\@float@everytoks=\toks15
\@floatcapt=\box27
)
(/usr/share/texlive/texmf-dist/tex/latex/geometry/geometry.sty
Package: geometry 2010/09/12 v5.6 Page Geometry

(/usr/share/texlive/texmf-dist/tex/latex/graphics/keyval.sty
Package: keyval 2014/10/28 v1.15 key=value parser (DPC)
\KV@toks@=\toks16
)
(/usr/share/texlive/texmf-dist/tex/generic/oberdiek/ifpdf.sty
Package: ifpdf 2011/01/30 v2.3 Provides the ifpdf switch (HO)
Package ifpdf Info: pdfTeX in PDF mode is detected.
)
(/usr/share/texlive/texmf-dist/tex/generic/oberdiek/ifvtex.sty
Package: ifvtex 2010/03/01 v1.5 Detect VTeX and its facilities (HO)
Package ifvtex Info: VTeX not detected.
)
(/usr/share/texlive/texmf-dist/tex/generic/ifxetex/ifxetex.sty
Package: ifxetex 2010/09/12 v0.6 Provides ifxetex conditional
)
\Gm@cnth=\count88
\Gm@cntv=\count89
\c@Gm@tempcnt=\count90
\Gm@bindingoffset=\dimen103
\Gm@wd@mp=\dimen104
\Gm@odd@mp=\dimen105
\Gm@even@mp=\dimen106
\Gm@layoutwidth=\dimen107
\Gm@layoutheight=\dimen108
\Gm@layouthoffset=\dimen109
\Gm@layoutvoffset=\dimen110
\Gm@dimlist=\toks17
)
(/usr/share/texlive/texmf-dist/tex/latex/fancyhdr/fancyhdr.sty
\fancy@headwidth=\skip43
\f@ncyO@elh=\skip44
\f@ncyO@erh=\skip45
\f@ncyO@olh=\skip46
\f@ncyO@orh=\skip47
\f@ncyO@elf=\skip48
\f@ncyO@erf=\skip49
\f@ncyO@olf=\skip50
\f@ncyO@orf=\skip51
)
(/usr/share/texlive/texmf-dist/tex/latex/tools/longtable.sty
Package: longtable 2014/10/28 v4.11 Multi-page Table package (DPC)
\LTleft=\skip52
\LTright=\skip53
\LTpre=\skip54
\LTpost=\skip55
\LTchunksize=\count91
\LTcapwidth=\dimen111
\LT@head=\box28
\LT@firsthead=\box29
\LT@foot=\box30
\LT@lastfoot=\box31
\LT@cols=\count92
\LT@rows=\count93
\c@LT@tables=\count94
\c@LT@chunks=\count95
\LT@p@ftn=\toks18
)
(./latex//placeins.sty
Package: placeins 2005/04/18  v 2.2
) (./latex//enumitem.sty
Package: enumitem 2011/09/28 v3.5.2 Customized lists
\labelindent=\skip56
\enit@outerparindent=\dimen112
\enit@toks=\toks19
\enit@inbox=\box32
\enitdp@description=\count96
)
(/usr/share/texlive/texmf-dist/tex/latex/base/fontenc.sty
Package: fontenc 2005/09/27 v1.99g Standard LaTeX package

(/usr/share/texlive/texmf-dist/tex/latex/base/t1enc.def
File: t1enc.def 2005/09/27 v1.99g Standard LaTeX file
LaTeX Font Info:    Redeclaring font encoding T1 on input line 48.
))
(/usr/share/texlive/texmf-dist/tex/latex/base/inputenc.sty
Package: inputenc 2015/03/17 v1.2c Input encoding file
\inpenc@prehook=\toks20
\inpenc@posthook=\toks21

(/usr/share/texlive/texmf-dist/tex/latex/base/utf8.def
File: utf8.def 2015/12/03 v1.1r UTF-8 support for inputenc
Now handling font encoding OML ...
... no UTF-8 mapping file for font encoding OML
Now handling font encoding T1 ...
... processing UTF-8 mapping file for font encoding T1

(/usr/share/texlive/texmf-dist/tex/latex/base/t1enc.dfu
File: t1enc.dfu 2015/12/03 v1.1r UTF-8 support for inputenc
   defining Unicode char U+00A0 (decimal 160)
   defining Unicode char U+00A1 (decimal 161)
   defining Unicode char U+00A3 (decimal 163)
   defining Unicode char U+00AB (decimal 171)
   defining Unicode char U+00AD (decimal 173)
   defining Unicode char U+00BB (decimal 187)
   defining Unicode char U+00BF (decimal 191)
   defining Unicode char U+00C0 (decimal 192)
   defining Unicode char U+00C1 (decimal 193)
   defining Unicode char U+00C2 (decimal 194)
   defining Unicode char U+00C3 (decimal 195)
   defining Unicode char U+00C4 (decimal 196)
   defining Unicode char U+00C5 (decimal 197)
   defining Unicode char U+00C6 (decimal 198)
   defining Unicode char U+00C7 (decimal 199)
   defining Unicode char U+00C8 (decimal 200)
   defining Unicode char U+00C9 (decimal 201)
   defining Unicode char U+00CA (decimal 202)
   defining Unicode char U+00CB (decimal 203)
   defining Unicode char U+00CC (decimal 204)
   defining Unicode char U+00CD (decimal 205)
   defining Unicode char U+00CE (decimal 206)
   defining Unicode char U+00CF (decimal 207)
   defining Unicode char U+00D0 (decimal 208)
   defining Unicode char U+00D1 (decimal 209)
   defining Unicode char U+00D2 (decimal 210)
   defining Unicode char U+00D3 (decimal 211)
   defining Unicode char U+00D4 (decimal 212)
   defining Unicode char U+00D5 (decimal 213)
   defining Unicode char U+00D6 (decimal 214)
   defining Unicode char U+00D8 (decimal 216)
   defining Unicode char U+00D9 (decimal 217)
   defining Unicode char U+00DA (decimal 218)
   defining Unicode char U+00DB (decimal 219)
   defining Unicode char U+00DC (decimal 220)
   defining Unicode char U+00DD (decimal 221)
   defining Unicode char U+00DE (decimal 222)
   defining Unicode char U+00DF (decimal 223)
   defining Unicode char U+00E0 (decimal 224)
   defining Unicode char U+00E1 (decimal 225)
   defining Unicode char U+00E2 (decimal 226)
   defining Unicode char U+00E3 (decimal 227)
   defining Unicode char U+00E4 (decimal 228)
   defining Unicode char U+00E5 (decimal 229)
   defining Unicode char U+00E6 (decimal 230)
   defining Unicode char U+00E7 (decimal 231)
   defining Unicode char U+00E8 (decimal 232)
   defining Unicode char U+00E9 (decimal 233)
   defining Unicode char U+00EA (decimal 234)
   defining Unicode char U+00EB (decimal 235)
   defining Unicode char U+00EC (decimal 236)
   defining Unicode char U+00ED (decimal 237)
   defining Unicode char U+00EE (decimal 238)
   defining Unicode char U+00EF (decimal 239)
   defining Unicode char U+00F0 (decimal 240)
   defining Unicode char U+00F1 (decimal 241)
   defining Unicode char U+00F2 (decimal 242)
   defining Unicode char U+00F3 (decimal 243)
   defining Unicode char U+00F4 (decimal 244)
   defining Unicode char U+00F5 (decimal 245)
   defining Unicode char U+00F6 (decimal 246)
   defining Unicode char U+00F8 (decimal 248)
   defining Unicode char U+00F9 (decimal 249)
   defining Unicode char U+00FA (decimal 250)
   defining Unicode char U+00FB (decimal 251)
   defining Unicode char U+00FC (decimal 252)
   defining Unicode char U+00FD (decimal 253)
   defining Unicode char U+00FE (decimal 254)
   defining Unicode char U+00FF (decimal 255)
   defining Unicode char U+0100 (decimal 256)
   defining Unicode char U+0101 (decimal 257)
   defining Unicode char U+0102 (decimal 258)
   defining Unicode char U+0103 (decimal 259)
   defining Unicode char U+0104 (decimal 260)
   defining Unicode char U+0105 (decimal 261)
   defining Unicode char U+0106 (decimal 262)
   defining Unicode char U+0107 (decimal 263)
   defining Unicode char U+0108 (decimal 264)
   defining Unicode char U+0109 (decimal 265)
   defining Unicode char U+010A (decimal 266)
   defining Unicode char U+010B (decimal 267)
   defining Unicode char U+010C (decimal 268)
   defining Unicode char U+010D (decimal 269)
   defining Unicode char U+010E (decimal 270)
   defining Unicode char U+010F (decimal 271)
   defining Unicode char U+0110 (decimal 272)
   defining Unicode char U+0111 (decimal 273)
   defining Unicode char U+0112 (decimal 274)
   defining Unicode char U+0113 (decimal 275)
   defining Unicode char U+0114 (decimal 276)
   defining Unicode char U+0115 (decimal 277)
   defining Unicode char U+0116 (decimal 278)
   defining Unicode char U+0117 (decimal 279)
   defining Unicode char U+0118 (decimal 280)
   defining Unicode char U+0119 (decimal 281)
   defining Unicode char U+011A (decimal 282)
   defining Unicode char U+011B (decimal 283)
   defining Unicode char U+011C (decimal 284)
   defining Unicode char U+011D (decimal 285)
   defining Unicode char U+011E (decimal 286)
   defining Unicode char U+011F (decimal 287)
   defining Unicode char U+0120 (decimal 288)
   defining Unicode char U+0121 (decimal 289)
   defining Unicode char U+0122 (decimal 290)
   defining Unicode char U+0123 (decimal 291)
   defining Unicode char U+0124 (decimal 292)
   defining Unicode char U+0125 (decimal 293)
   defining Unicode char U+0128 (decimal 296)
   defining Unicode char U+0129 (decimal 297)
   defining Unicode char U+012A (decimal 298)
   defining Unicode char U+012B (decimal 299)
   defining Unicode char U+012C (decimal 300)
   defining Unicode char U+012D (decimal 301)
   defining Unicode char U+012E (decimal 302)
   defining Unicode char U+012F (decimal 303)
   defining Unicode char U+0130 (decimal 304)
   defining Unicode char U+0131 (decimal 305)
   defining Unicode char U+0132 (decimal 306)
   defining Unicode char U+0133 (decimal 307)
   defining Unicode char U+0134 (decimal 308)
   defining Unicode char U+0135 (decimal 309)
   defining Unicode char U+0136 (decimal 310)
   defining Unicode char U+0137 (decimal 311)
   defining Unicode char U+0139 (decimal 313)
   defining Unicode char U+013A (decimal 314)
   defining Unicode char U+013B (decimal 315)
   defining Unicode char U+013C (decimal 316)
   defining Unicode char U+013D (decimal 317)
   defining Unicode char U+013E (decimal 318)
   defining Unicode char U+0141 (decimal 321)
   defining Unicode char U+0142 (decimal 322)
   defining Unicode char U+0143 (decimal 323)
   defining Unicode char U+0144 (decimal 324)
   defining Unicode char U+0145 (decimal 325)
   defining Unicode char U+0146 (decimal 326)
   defining Unicode char U+0147 (decimal 327)
   defining Unicode char U+0148 (decimal 328)
   defining Unicode char U+014A (decimal 330)
   defining Unicode char U+014B (decimal 331)
   defining Unicode char U+014C (decimal 332)
   defining Unicode char U+014D (decimal 333)
   defining Unicode char U+014E (decimal 334)
   defining Unicode char U+014F (decimal 335)
   defining Unicode char U+0150 (decimal 336)
   defining Unicode char U+0151 (decimal 337)
   defining Unicode char U+0152 (decimal 338)
   defining Unicode char U+0153 (decimal 339)
   defining Unicode char U+0154 (decimal 340)
   defining Unicode char U+0155 (decimal 341)
   defining Unicode char U+0156 (decimal 342)
   defining Unicode char U+0157 (decimal 343)
   defining Unicode char U+0158 (decimal 344)
   defining Unicode char U+0159 (decimal 345)
   defining Unicode char U+015A (decimal 346)
   defining Unicode char U+015B (decimal 347)
   defining Unicode char U+015C (decimal 348)
   defining Unicode char U+015D (decimal 349)
   defining Unicode char U+015E (decimal 350)
   defining Unicode char U+015F (decimal 351)
   defining Unicode char U+0160 (decimal 352)
   defining Unicode char U+0161 (decimal 353)
   defining Unicode char U+0162 (decimal 354)
   defining Unicode char U+0163 (decimal 355)
   defining Unicode char U+0164 (decimal 356)
   defining Unicode char U+0165 (decimal 357)
   defining Unicode char U+0168 (decimal 360)
   defining Unicode char U+0169 (decimal 361)
   defining Unicode char U+016A (decimal 362)
   defining Unicode char U+016B (decimal 363)
   defining Unicode char U+016C (decimal 364)
   defining Unicode char U+016D (decimal 365)
   defining Unicode char U+016E (decimal 366)
   defining Unicode char U+016F (decimal 367)
   defining Unicode char U+0170 (decimal 368)
   defining Unicode char U+0171 (decimal 369)
   defining Unicode char U+0172 (decimal 370)
   defining Unicode char U+0173 (decimal 371)
   defining Unicode char U+0174 (decimal 372)
   defining Unicode char U+0175 (decimal 373)
   defining Unicode char U+0176 (decimal 374)
   defining Unicode char U+0177 (decimal 375)
   defining Unicode char U+0178 (decimal 376)
   defining Unicode char U+0179 (decimal 377)
   defining Unicode char U+017A (decimal 378)
   defining Unicode char U+017B (decimal 379)
   defining Unicode char U+017C (decimal 380)
   defining Unicode char U+017D (decimal 381)
   defining Unicode char U+017E (decimal 382)
   defining Unicode char U+01CD (decimal 461)
   defining Unicode char U+01CE (decimal 462)
   defining Unicode char U+01CF (decimal 463)
   defining Unicode char U+01D0 (decimal 464)
   defining Unicode char U+01D1 (decimal 465)
   defining Unicode char U+01D2 (decimal 466)
   defining Unicode char U+01D3 (decimal 467)
   defining Unicode char U+01D4 (decimal 468)
   defining Unicode char U+01E2 (decimal 482)
   defining Unicode char U+01E3 (decimal 483)
   defining Unicode char U+01E6 (decimal 486)
   defining Unicode char U+01E7 (decimal 487)
   defining Unicode char U+01E8 (decimal 488)
   defining Unicode char U+01E9 (decimal 489)
   defining Unicode char U+01EA (decimal 490)
   defining Unicode char U+01EB (decimal 491)
   defining Unicode char U+01F0 (decimal 496)
   defining Unicode char U+01F4 (decimal 500)
   defining Unicode char U+01F5 (decimal 501)
   defining Unicode char U+0218 (decimal 536)
   defining Unicode char U+0219 (decimal 537)
   defining Unicode char U+021A (decimal 538)
   defining Unicode char U+021B (decimal 539)
   defining Unicode char U+01E02 (decimal 7682)
   defining Unicode char U+01E03 (decimal 7683)
   defining Unicode char U+200C (decimal 8204)
   defining Unicode char U+2013 (decimal 8211)
   defining Unicode char U+2014 (decimal 8212)
   defining Unicode char U+2018 (decimal 8216)
   defining Unicode char U+2019 (decimal 8217)
   defining Unicode char U+201A (decimal 8218)
   defining Unicode char U+201C (decimal 8220)
   defining Unicode char U+201D (decimal 8221)
   defining Unicode char U+201E (decimal 8222)
   defining Unicode char U+2030 (decimal 8240)
   defining Unicode char U+2031 (decimal 8241)
   defining Unicode char U+2039 (decimal 8249)
   defining Unicode char U+203A (decimal 8250)
   defining Unicode char U+2423 (decimal 9251)
)
Now handling font encoding OT1 ...
... processing UTF-8 mapping file for font encoding OT1

(/usr/share/texlive/texmf-dist/tex/latex/base/ot1enc.dfu
File: ot1enc.dfu 2015/12/03 v1.1r UTF-8 support for inputenc
   defining Unicode char U+00A0 (decimal 160)
   defining Unicode char U+00A1 (decimal 161)
   defining Unicode char U+00A3 (decimal 163)
   defining Unicode char U+00AD (decimal 173)
   defining Unicode char U+00B8 (decimal 184)
   defining Unicode char U+00BF (decimal 191)
   defining Unicode char U+00C5 (decimal 197)
   defining Unicode char U+00C6 (decimal 198)
   defining Unicode char U+00D8 (decimal 216)
   defining Unicode char U+00DF (decimal 223)
   defining Unicode char U+00E6 (decimal 230)
   defining Unicode char U+00EC (decimal 236)
   defining Unicode char U+00ED (decimal 237)
   defining Unicode char U+00EE (decimal 238)
   defining Unicode char U+00EF (decimal 239)
   defining Unicode char U+00F8 (decimal 248)
   defining Unicode char U+0131 (decimal 305)
   defining Unicode char U+0141 (decimal 321)
   defining Unicode char U+0142 (decimal 322)
   defining Unicode char U+0152 (decimal 338)
   defining Unicode char U+0153 (decimal 339)
   defining Unicode char U+0174 (decimal 372)
   defining Unicode char U+0175 (decimal 373)
   defining Unicode char U+0176 (decimal 374)
   defining Unicode char U+0177 (decimal 375)
   defining Unicode char U+0218 (decimal 536)
   defining Unicode char U+0219 (decimal 537)
   defining Unicode char U+021A (decimal 538)
   defining Unicode char U+021B (decimal 539)
   defining Unicode char U+2013 (decimal 8211)
   defining Unicode char U+2014 (decimal 8212)
   defining Unicode char U+2018 (decimal 8216)
   defining Unicode char U+2019 (decimal 8217)
   defining Unicode char U+201C (decimal 8220)
   defining Unicode char U+201D (decimal 8221)
)
Now handling font encoding OMS ...
... processing UTF-8 mapping file for font encoding OMS

(/usr/share/texlive/texmf-dist/tex/latex/base/omsenc.dfu
File: omsenc.dfu 2015/12/03 v1.1r UTF-8 support for inputenc
   defining Unicode char U+00A7 (decimal 167)
   defining Unicode char U+00B6 (decimal 182)
   defining Unicode char U+00B7 (decimal 183)
   defining Unicode char U+2020 (decimal 8224)
   defining Unicode char U+2021 (decimal 8225)
   defining Unicode char U+2022 (decimal 8226)
)
Now handling font encoding OMX ...
... no UTF-8 mapping file for font encoding OMX
Now handling font encoding U ...
... no UTF-8 mapping file for font encoding U
   defining Unicode char U+00A9 (decimal 169)
   defining Unicode char U+00AA (decimal 170)
   defining Unicode char U+00AE (decimal 174)
   defining Unicode char U+00BA (decimal 186)
   defining Unicode char U+02C6 (decimal 710)
   defining Unicode char U+02DC (decimal 732)
   defining Unicode char U+200C (decimal 8204)
   defining Unicode char U+2026 (decimal 8230)
   defining Unicode char U+2122 (decimal 8482)
   defining Unicode char U+2423 (decimal 9251)
))
(/usr/share/texlive/texmf-dist/tex/latex/psnfss/mathptmx.sty
Package: mathptmx 2005/04/12 PSNFSS-v9.2a Times w/ Math, improved (SPQR, WaS) 
LaTeX Font Info:    Redeclaring symbol font `operators' on input line 28.
LaTeX Font Info:    Overwriting symbol font `operators' in version `normal'
(Font)                  OT1/cmr/m/n --> OT1/ztmcm/m/n on input line 28.
LaTeX Font Info:    Overwriting symbol font `operators' in version `bold'
(Font)                  OT1/cmr/bx/n --> OT1/ztmcm/m/n on input line 28.
LaTeX Font Info:    Redeclaring symbol font `letters' on input line 29.
LaTeX Font Info:    Overwriting symbol font `letters' in version `normal'
(Font)                  OML/cmm/m/it --> OML/ztmcm/m/it on input line 29.
LaTeX Font Info:    Overwriting symbol font `letters' in version `bold'
(Font)                  OML/cmm/b/it --> OML/ztmcm/m/it on input line 29.
LaTeX Font Info:    Redeclaring symbol font `symbols' on input line 30.
LaTeX Font Info:    Overwriting symbol font `symbols' in version `normal'
(Font)                  OMS/cmsy/m/n --> OMS/ztmcm/m/n on input line 30.
LaTeX Font Info:    Overwriting symbol font `symbols' in version `bold'
(Font)                  OMS/cmsy/b/n --> OMS/ztmcm/m/n on input line 30.
LaTeX Font Info:    Redeclaring symbol font `largesymbols' on input line 31.
LaTeX Font Info:    Overwriting symbol font `largesymbols' in version `normal'
(Font)                  OMX/cmex/m/n --> OMX/ztmcm/m/n on input line 31.
LaTeX Font Info:    Overwriting symbol font `largesymbols' in version `bold'
(Font)                  OMX/cmex/m/n --> OMX/ztmcm/m/n on input line 31.
\symbold=\mathgroup4
\symitalic=\mathgroup5
LaTeX Font Info:    Redeclaring math alphabet \mathbf on input line 34.
LaTeX Font Info:    Overwriting math alphabet `\mathbf' in version `normal'
(Font)                  OT1/cmr/bx/n --> OT1/ptm/bx/n on input line 34.
LaTeX Font Info:    Overwriting math alphabet `\mathbf' in version `bold'
(Font)                  OT1/cmr/bx/n --> OT1/ptm/bx/n on input line 34.
LaTeX Font Info:    Redeclaring math alphabet \mathit on input line 35.
LaTeX Font Info:    Overwriting math alphabet `\mathit' in version `normal'
(Font)                  OT1/cmr/m/it --> OT1/ptm/m/it on input line 35.
LaTeX Font Info:    Overwriting math alphabet `\mathit' in version `bold'
(Font)                  OT1/cmr/bx/it --> OT1/ptm/m/it on input line 35.
LaTeX Info: Redefining \hbar on input line 50.
)
(./latex//packingList.aux)
\openout1 = `packingList.aux'.

LaTeX Font Info:    Checking defaults for OML/cmm/m/it on input line 21.
LaTeX Font Info:    ... okay on input line 21.
LaTeX Font Info:    Checking defaults for T1/cmr/m/n on input line 21.
LaTeX Font Info:    ... okay on input line 21.
LaTeX Font Info:    Checking defaults for OT1/cmr/m/n on input line 21.
LaTeX Font Info:    ... okay on input line 21.
LaTeX Font Info:    Checking defaults for OMS/cmsy/m/n on input line 21.
LaTeX Font Info:    ... okay on input line 21.
LaTeX Font Info:    Checking defaults for OMX/cmex/m/n on input line 21.
LaTeX Font Info:    ... okay on input line 21.
LaTeX Font Info:    Checking defaults for U/cmr/m/n on input line 21.
LaTeX Font Info:    ... okay on input line 21.
LaTeX Font Info:    Try loading font information for T1+ptm on input line 21.

(/usr/share/texlive/texmf-dist/tex/latex/psnfss/t1ptm.fd
File: t1ptm.fd 2001/06/04 font definitions for T1/ptm.
)
*geometry* driver: auto-detecting
*geometry* detected driver: pdftex
*geometry* verbose mode - [ preamble ] result:
* driver: pdftex
* paper: <default>
* layout: <same size as paper>
* layoutoffset:(h,v)=(0.0pt,0.0pt)
* modes: 
* h-part:(L,W,R)=(36.135pt, 542.02501pt, 36.135pt)
* v-part:(T,H,B)=(36.135pt, 722.7pt, 36.135pt)
* \paperwidth=614.295pt
* \paperheight=794.96999pt
* \textwidth=542.02501pt
* \textheight=722.7pt
* \oddsidemargin=-36.135pt
* \evensidemargin=-36.135pt
* \topmargin=-73.135pt
* \headheight=12.0pt
* \headsep=25.0pt
* \topskip=12.0pt
* \footskip=30.0pt
* \marginparwidth=44.0pt
* \marginparsep=10.0pt
* \columnsep=10.0pt
* \skip\footins=10.8pt plus 4.0pt minus 2.0pt
* \hoffset=0.0pt
* \voffset=0.0pt
* \mag=1000
* \@twocolumnfalse
* \@twosidefalse
* \@mparswitchfalse
* \@reversemarginfalse
* (1in=72.27pt=25.4mm, 1cm=28.453pt)

\big@size=\dimen113
LaTeX Font Info:    Try loading font information for OT1+ztmcm on input line 23
.
(/usr/share/texlive/texmf-dist/tex/latex/psnfss/ot1ztmcm.fd
File: ot1ztmcm.fd 2000/01/03 Fontinst v1.801 font definitions for OT1/ztmcm.
)
LaTeX Font Info:    Try loading font information for OML+ztmcm on input line 23
.

(/usr/share/texlive/texmf-dist/tex/latex/psnfss/omlztmcm.fd
File: omlztmcm.fd 2000/01/03 Fontinst v1.801 font definitions for OML/ztmcm.
)
LaTeX Font Info:    Try loading font information for OMS+ztmcm on input line 23
.

(/usr/share/texlive/texmf-dist/tex/latex/psnfss/omsztmcm.fd
File: omsztmcm.fd 2000/01/03 Fontinst v1.801 font definitions for OMS/ztmcm.
)
LaTeX Font Info:    Try loading font information for OMX+ztmcm on input line 23
.

(/usr/share/texlive/texmf-dist/tex/latex/psnfss/omxztmcm.fd
File: omxztmcm.fd 2000/01/03 Fontinst v1.801 font definitions for OMX/ztmcm.
)
LaTeX Font Info:    Try loading font information for OT1+ptm on input line 23.

(/usr/share/texlive/texmf-dist/tex/latex/psnfss/ot1ptm.fd
File: ot1ptm.fd 2001/06/04 font definitions for OT1/ptm.
)
LaTeX Font Info:    Font shape `OT1/ptm/bx/n' in size <14.4> not available
(Font)              Font shape `OT1/ptm/b/n' tried instead on input line 23.
LaTeX Font Info:    Font shape `OT1/ptm/bx/n' in size <10.95> not available
(Font)              Font shape `OT1/ptm/b/n' tried instead on input line 23.
LaTeX Font Info:    Font shape `OT1/ptm/bx/n' in size <8> not available
(Font)              Font shape `OT1/ptm/b/n' tried instead on input line 23.


LaTeX Warning: No \author given.

LaTeX Font Info:    Font shape `T1/ptm/bx/n' in size <17.28> not available
(Font)              Font shape `T1/ptm/b/n' tried instead on input line 29.
LaTeX Font Info:    Font shape `T1/ptm/bx/n' in size <12> not available
(Font)              Font shape `T1/ptm/b/n' tried instead on input line 32.
! Misplaced \noalign.
\hline ->\noalign 
                  {\ifnum 0=`}\fi \penalty \@M \futurelet \@let@token \LT@@h...
l.32 ...tity} & \textbf{Notes about Item} \ \hline
                                                  
I expect to see \noalign only after the \cr of
an alignment. Proceed, and I'll ignore this case.

! Misplaced \omit.
\multispan ->\omit 
                   \@multispan 
l.33 3
      60 degree visible white deck light & 1 &  \ \hline
I expect to see \omit only after tab marks or the \cr of
an alignment. Proceed, and I'll ignore this case.

! Extra alignment tab has been changed to \cr.
<recently read> \endtemplate 
                             
l.33 3
      60 degree visible white deck light & 1 &  \ \hline
You have given more \span or & marks than there were
in the preamble to the \halign or \valign now in progress.
So I'll assume that you meant to type \cr instead.


Underfull \hbox (badness 10000) in paragraph at lines 33--33
[]|\T1/ptm/m/n/12 360 de-gree vis-i-ble
 []

! Misplaced \noalign.
\hline ->\noalign 
                  {\ifnum 0=`}\fi \penalty \@M \futurelet \@let@token \LT@@h...
l.33 ...e visible white deck light & 1 &  \ \hline
                                                  
I expect to see \noalign only after the \cr of
an alignment. Proceed, and I'll ignore this case.

! Misplaced \omit.
\multispan ->\omit 
                   \@multispan 
l.34 a
      ir mattress & 1 &  \ \hline
I expect to see \omit only after tab marks or the \cr of
an alignment. Proceed, and I'll ignore this case.

! Extra alignment tab has been changed to \cr.
<recently read> \endtemplate 
                             
l.34 a
      ir mattress & 1 &  \ \hline
You have given more \span or & marks than there were
in the preamble to the \halign or \valign now in progress.
So I'll assume that you meant to type \cr instead.

! Misplaced \noalign.
\hline ->\noalign 
                  {\ifnum 0=`}\fi \penalty \@M \futurelet \@let@token \LT@@h...
l.34 air mattress & 1 &  \ \hline
                                 
I expect to see \noalign only after the \cr of
an alignment. Proceed, and I'll ignore this case.

! Misplaced \omit.
\multispan ->\omit 
                   \@multispan 
l.35 a
      ir mattress repair kit & 1 & You're not a thin as you think. \ \hline
I expect to see \omit only after tab marks or the \cr of
an alignment. Proceed, and I'll ignore this case.

! Extra alignment tab has been changed to \cr.
<recently read> \endtemplate 
                             
l.35 a
      ir mattress repair kit & 1 & You're not a thin as you think. \ \hline
You have given more \span or & marks than there were
in the preamble to the \halign or \valign now in progress.
So I'll assume that you meant to type \cr instead.

! Misplaced \noalign.
\hline ->\noalign 
                  {\ifnum 0=`}\fi \penalty \@M \futurelet \@let@token \LT@@h...
l.35 ...& You're not a thin as you think. \ \hline
                                                  
I expect to see \noalign only after the \cr of
an alignment. Proceed, and I'll ignore this case.

! Misplaced \omit.
\multispan ->\omit 
                   \@multispan 
l.36 a
      qua tabs & 12 & Follow directions on packaging. \ \hline
I expect to see \omit only after tab marks or the \cr of
an alignment. Proceed, and I'll ignore this case.

! Extra alignment tab has been changed to \cr.
<recently read> \endtemplate 
                             
l.36 a
      qua tabs & 12 & Follow directions on packaging. \ \hline
You have given more \span or & marks than there were
in the preamble to the \halign or \valign now in progress.
So I'll assume that you meant to type \cr instead.

! Misplaced \noalign.
\hline ->\noalign 
                  {\ifnum 0=`}\fi \penalty \@M \futurelet \@let@token \LT@@h...
l.36 ...& Follow directions on packaging. \ \hline
                                                  
I expect to see \noalign only after the \cr of
an alignment. Proceed, and I'll ignore this case.

! Misplaced \omit.
\multispan ->\omit 
                   \@multispan 
l.37 b
      ackpack & 1 & Backpacks are rated in Litres, for the volume of gear th...
I expect to see \omit only after tab marks or the \cr of
an alignment. Proceed, and I'll ignore this case.

! Extra alignment tab has been changed to \cr.
<recently read> \endtemplate 
                             
l.37 b
      ackpack & 1 & Backpacks are rated in Litres, for the volume of gear th...
You have given more \span or & marks than there were
in the preamble to the \halign or \valign now in progress.
So I'll assume that you meant to type \cr instead.

! Misplaced \noalign.
\hline ->\noalign 
                  {\ifnum 0=`}\fi \penalty \@M \futurelet \@let@token \LT@@h...
l.37 ...for the volume of gear they hold. \ \hline
                                                  
I expect to see \noalign only after the \cr of
an alignment. Proceed, and I'll ignore this case.

! Misplaced \omit.
\multispan ->\omit 
                   \@multispan 
l.38 b
      ailing bucket & 1 &  \ \hline
I expect to see \omit only after tab marks or the \cr of
an alignment. Proceed, and I'll ignore this case.

! Extra alignment tab has been changed to \cr.
<recently read> \endtemplate 
                             
l.38 b
      ailing bucket & 1 &  \ \hline
You have given more \span or & marks than there were
in the preamble to the \halign or \valign now in progress.
So I'll assume that you meant to type \cr instead.

! Misplaced \noalign.
\hline ->\noalign 
                  {\ifnum 0=`}\fi \penalty \@M \futurelet \@let@token \LT@@h...
l.38 bailing bucket & 1 &  \ \hline
                                   
I expect to see \noalign only after the \cr of
an alignment. Proceed, and I'll ignore this case.

! Misplaced \omit.
\multispan ->\omit 
                   \@multispan 
l.39 b
      iodegradeable camp soap & 1 & Camp soap is only biodegradeable on land...
I expect to see \omit only after tab marks or the \cr of
an alignment. Proceed, and I'll ignore this case.

! Extra alignment tab has been changed to \cr.
<recently read> \endtemplate 
                             
l.39 b
      iodegradeable camp soap & 1 & Camp soap is only biodegradeable on land...
You have given more \span or & marks than there were
in the preamble to the \halign or \valign now in progress.
So I'll assume that you meant to type \cr instead.


Underfull \hbox (badness 4254) in paragraph at lines 39--39
[]|\T1/ptm/m/n/12 biodegradeable camp
 []

! Misplaced \noalign.
\hline ->\noalign 
                  {\ifnum 0=`}\fi \penalty \@M \futurelet \@let@token \LT@@h...
l.39 ... a body of water. Read the label. \ \hline
                                                  
I expect to see \noalign only after the \cr of
an alignment. Proceed, and I'll ignore this case.

! Misplaced \omit.
\multispan ->\omit 
                   \@multispan 
l.40 b
      oots & 1 & High-cut, lots of toe room. \ \hline
I expect to see \omit only after tab marks or the \cr of
an alignment. Proceed, and I'll ignore this case.

! Extra alignment tab has been changed to \cr.
<recently read> \endtemplate 
                             
l.40 b
      oots & 1 & High-cut, lots of toe room. \ \hline
You have given more \span or & marks than there were
in the preamble to the \halign or \valign now in progress.
So I'll assume that you meant to type \cr instead.

! Misplaced \noalign.
\hline ->\noalign 
                  {\ifnum 0=`}\fi \penalty \@M \futurelet \@let@token \LT@@h...
l.40 ...& 1 & High-cut, lots of toe room. \ \hline
                                                  
I expect to see \noalign only after the \cr of
an alignment. Proceed, and I'll ignore this case.

! Misplaced \omit.
\multispan ->\omit 
                   \@multispan 
l.41 b
      owls, plates, utensils & 1 & Small plastic utensils are more appropria...
I expect to see \omit only after tab marks or the \cr of
an alignment. Proceed, and I'll ignore this case.

! Extra alignment tab has been changed to \cr.
<recently read> \endtemplate 
                             
l.41 b
      owls, plates, utensils & 1 & Small plastic utensils are more appropria...
You have given more \span or & marks than there were
in the preamble to the \halign or \valign now in progress.
So I'll assume that you meant to type \cr instead.

! Misplaced \noalign.
\hline ->\noalign 
                  {\ifnum 0=`}\fi \penalty \@M \futurelet \@let@token \LT@@h...
l.41 ...riate for hiking than metal ones. \ \hline
                                                  
I expect to see \noalign only after the \cr of
an alignment. Proceed, and I'll ignore this case.

! Misplaced \omit.
\multispan ->\omit 
                   \@multispan 
l.42 b
      ug spray & 1 & Higher the deet content, the more effective it is. Warn...
I expect to see \omit only after tab marks or the \cr of
an alignment. Proceed, and I'll ignore this case.

! Extra alignment tab has been changed to \cr.
<recently read> \endtemplate 
                             
l.42 b
      ug spray & 1 & Higher the deet content, the more effective it is. Warn...
You have given more \span or & marks than there were
in the preamble to the \halign or \valign now in progress.
So I'll assume that you meant to type \cr instead.

! Misplaced \noalign.
\hline ->\noalign 
                  {\ifnum 0=`}\fi \penalty \@M \futurelet \@let@token \LT@@h...
l.42 ...e mosquitoes of the French River. \ \hline
                                                  
I expect to see \noalign only after the \cr of
an alignment. Proceed, and I'll ignore this case.

! Misplaced \omit.
\multispan ->\omit 
                   \@multispan 
l.43 c
      oleman stove & 1 & Some stoves have flaps to prevent wind from redirec...
I expect to see \omit only after tab marks or the \cr of
an alignment. Proceed, and I'll ignore this case.

! Extra alignment tab has been changed to \cr.
<recently read> \endtemplate 
                             
l.43 c
      oleman stove & 1 & Some stoves have flaps to prevent wind from redirec...
You have given more \span or & marks than there were
in the preamble to the \halign or \valign now in progress.
So I'll assume that you meant to type \cr instead.

! Misplaced \noalign.
\hline ->\noalign 
                  {\ifnum 0=`}\fi \penalty \@M \futurelet \@let@token \LT@@h...
l.43 ... wind from redirecting the flame. \ \hline
                                                  
I expect to see \noalign only after the \cr of
an alignment. Proceed, and I'll ignore this case.

! Misplaced \omit.
\multispan ->\omit 
                   \@multispan 
l.44 c
      ompass & 1 &  \ \hline
I expect to see \omit only after tab marks or the \cr of
an alignment. Proceed, and I'll ignore this case.

! Extra alignment tab has been changed to \cr.
<recently read> \endtemplate 
                             
l.44 c
      ompass & 1 &  \ \hline
You have given more \span or & marks than there were
in the preamble to the \halign or \valign now in progress.
So I'll assume that you meant to type \cr instead.

! Misplaced \noalign.
\hline ->\noalign 
                  {\ifnum 0=`}\fi \penalty \@M \futurelet \@let@token \LT@@h...
l.44 compass & 1 &  \ \hline
                            
I expect to see \noalign only after the \cr of
an alignment. Proceed, and I'll ignore this case.

! Misplaced \omit.
\multispan ->\omit 
                   \@multispan 
l.45 d
      eck compass & 1 &  \ \hline
I expect to see \omit only after tab marks or the \cr of
an alignment. Proceed, and I'll ignore this case.

! Extra alignment tab has been changed to \cr.
<recently read> \endtemplate 
                             
l.45 d
      eck compass & 1 &  \ \hline
You have given more \span or & marks than there were
in the preamble to the \halign or \valign now in progress.
So I'll assume that you meant to type \cr instead.

! Misplaced \noalign.
\hline ->\noalign 
                  {\ifnum 0=`}\fi \penalty \@M \futurelet \@let@token \LT@@h...
l.45 deck compass & 1 &  \ \hline
                                 
I expect to see \noalign only after the \cr of
an alignment. Proceed, and I'll ignore this case.

! Misplaced \omit.
\multispan ->\omit 
                   \@multispan 
l.46 d
      ry bags & 3 & Make sure to roll them at least 3 times before closing. ...
I expect to see \omit only after tab marks or the \cr of
an alignment. Proceed, and I'll ignore this case.

! Extra alignment tab has been changed to \cr.
<recently read> \endtemplate 
                             
l.46 d
      ry bags & 3 & Make sure to roll them at least 3 times before closing. ...
You have given more \span or & marks than there were
in the preamble to the \halign or \valign now in progress.
So I'll assume that you meant to type \cr instead.

! Misplaced \noalign.
\hline ->\noalign 
                  {\ifnum 0=`}\fi \penalty \@M \futurelet \@let@token \LT@@h...
l.46 ...so that the whole bag will float. \ \hline
                                                  
I expect to see \noalign only after the \cr of
an alignment. Proceed, and I'll ignore this case.

! Misplaced \omit.
\multispan ->\omit 
                   \@multispan 
l.47 d
      ry-fit shirt & 2 &  \ \hline
I expect to see \omit only after tab marks or the \cr of
an alignment. Proceed, and I'll ignore this case.

! Extra alignment tab has been changed to \cr.
<recently read> \endtemplate 
                             
l.47 d
      ry-fit shirt & 2 &  \ \hline
You have given more \span or & marks than there were
in the preamble to the \halign or \valign now in progress.
So I'll assume that you meant to type \cr instead.

! Misplaced \noalign.
\hline ->\noalign 
                  {\ifnum 0=`}\fi \penalty \@M \futurelet \@let@token \LT@@h...
l.47 dry-fit shirt & 2 &  \ \hline
                                  
I expect to see \noalign only after the \cr of
an alignment. Proceed, and I'll ignore this case.

! Misplaced \omit.
\multispan ->\omit 
                   \@multispan 
l.48 d
      ry-fit shorts & 2 &  \ \hline
I expect to see \omit only after tab marks or the \cr of
an alignment. Proceed, and I'll ignore this case.

! Extra alignment tab has been changed to \cr.
<recently read> \endtemplate 
                             
l.48 d
      ry-fit shorts & 2 &  \ \hline
You have given more \span or & marks than there were
in the preamble to the \halign or \valign now in progress.
So I'll assume that you meant to type \cr instead.

! Misplaced \noalign.
\hline ->\noalign 
                  {\ifnum 0=`}\fi \penalty \@M \futurelet \@let@token \LT@@h...
l.48 dry-fit shorts & 2 &  \ \hline
                                   
I expect to see \noalign only after the \cr of
an alignment. Proceed, and I'll ignore this case.

! Misplaced \omit.
\multispan ->\omit 
                   \@multispan 
l.49 e
      mergency warmth blanket and kit & 1 & Warmth blanket (made of foil), f...
I expect to see \omit only after tab marks or the \cr of
an alignment. Proceed, and I'll ignore this case.

! Extra alignment tab has been changed to \cr.
<recently read> \endtemplate 
                             
l.49 e
      mergency warmth blanket and kit & 1 & Warmth blanket (made of foil), f...
You have given more \span or & marks than there were
in the preamble to the \halign or \valign now in progress.
So I'll assume that you meant to type \cr instead.


Underfull \hbox (badness 10000) in paragraph at lines 49--49
[]|\T1/ptm/m/n/12 emergency warmth
 []

! Misplaced \noalign.
\hline ->\noalign 
                  {\ifnum 0=`}\fi \penalty \@M \futurelet \@let@token \LT@@h...
l.49 ... (made of foil), flares, whistle. \ \hline
                                                  
I expect to see \noalign only after the \cr of
an alignment. Proceed, and I'll ignore this case.

! Misplaced \omit.
\multispan ->\omit 
                   \@multispan 
l.50 e
      xtra socks & 2 &  \ \hline
I expect to see \omit only after tab marks or the \cr of
an alignment. Proceed, and I'll ignore this case.

! Extra alignment tab has been changed to \cr.
<recently read> \endtemplate 
                             
l.50 e
      xtra socks & 2 &  \ \hline
You have given more \span or & marks than there were
in the preamble to the \halign or \valign now in progress.
So I'll assume that you meant to type \cr instead.

! Misplaced \noalign.
\hline ->\noalign 
                  {\ifnum 0=`}\fi \penalty \@M \futurelet \@let@token \LT@@h...
l.50 extra socks & 2 &  \ \hline
                                
I expect to see \noalign only after the \cr of
an alignment. Proceed, and I'll ignore this case.

! Misplaced \omit.
\multispan ->\omit 
                   \@multispan 
l.51 f
      irst aid kit & 1 & Waterproof band-aids, disinfectant, polysporin, sci...
I expect to see \omit only after tab marks or the \cr of
an alignment. Proceed, and I'll ignore this case.

! Extra alignment tab has been changed to \cr.
<recently read> \endtemplate 
                             
l.51 f
      irst aid kit & 1 & Waterproof band-aids, disinfectant, polysporin, sci...
You have given more \span or & marks than there were
in the preamble to the \halign or \valign now in progress.
So I'll assume that you meant to type \cr instead.

! Misplaced \noalign.
\hline ->\noalign 
                  {\ifnum 0=`}\fi \penalty \@M \futurelet \@let@token \LT@@h...
l.51 ...sinfectant, polysporin, scissors. \ \hline
                                                  
I expect to see \noalign only after the \cr of
an alignment. Proceed, and I'll ignore this case.

! Misplaced \omit.
\multispan ->\omit 
                   \@multispan 
l.52 f
      lares & 1 &  \ \hline
I expect to see \omit only after tab marks or the \cr of
an alignment. Proceed, and I'll ignore this case.

! Extra alignment tab has been changed to \cr.
<recently read> \endtemplate 
                             
l.52 f
      lares & 1 &  \ \hline
You have given more \span or & marks than there were
in the preamble to the \halign or \valign now in progress.
So I'll assume that you meant to type \cr instead.

! Misplaced \noalign.
\hline ->\noalign 
                  {\ifnum 0=`}\fi \penalty \@M \futurelet \@let@token \LT@@h...
l.52 flares & 1 &  \ \hline
                           
I expect to see \noalign only after the \cr of
an alignment. Proceed, and I'll ignore this case.

! Misplaced \omit.
\multispan ->\omit 
                   \@multispan 
l.53 f
      lashlight & 2 & A waterproof flashlight is a good idea. \ \hline
I expect to see \omit only after tab marks or the \cr of
an alignment. Proceed, and I'll ignore this case.

! Extra alignment tab has been changed to \cr.
<recently read> \endtemplate 
                             
l.53 f
      lashlight & 2 & A waterproof flashlight is a good idea. \ \hline
You have given more \span or & marks than there were
in the preamble to the \halign or \valign now in progress.
So I'll assume that you meant to type \cr instead.

! Misplaced \noalign.
\hline ->\noalign 
                  {\ifnum 0=`}\fi \penalty \@M \futurelet \@let@token \LT@@h...
l.53 ...rproof flashlight is a good idea. \ \hline
                                                  
I expect to see \noalign only after the \cr of
an alignment. Proceed, and I'll ignore this case.

! Misplaced \omit.
\multispan ->\omit 
                   \@multispan 
l.54 f
      loating rope 50ft & 1 &  \ \hline
I expect to see \omit only after tab marks or the \cr of
an alignment. Proceed, and I'll ignore this case.

! Extra alignment tab has been changed to \cr.
<recently read> \endtemplate 
                             
l.54 f
      loating rope 50ft & 1 &  \ \hline
You have given more \span or & marks than there were
in the preamble to the \halign or \valign now in progress.
So I'll assume that you meant to type \cr instead.

! Misplaced \noalign.
\hline ->\noalign 
                  {\ifnum 0=`}\fi \penalty \@M \futurelet \@let@token \LT@@h...
l.54 floating rope 50ft & 1 &  \ \hline
                                       
I expect to see \noalign only after the \cr of
an alignment. Proceed, and I'll ignore this case.

! Misplaced \omit.
\multispan ->\omit 
                   \@multispan 
l.55 f
      ood barrel & 1 &  \ \hline
I expect to see \omit only after tab marks or the \cr of
an alignment. Proceed, and I'll ignore this case.

! Extra alignment tab has been changed to \cr.
<recently read> \endtemplate 
                             
l.55 f
      ood barrel & 1 &  \ \hline
You have given more \span or & marks than there were
in the preamble to the \halign or \valign now in progress.
So I'll assume that you meant to type \cr instead.

! Misplaced \noalign.
\hline ->\noalign 
                  {\ifnum 0=`}\fi \penalty \@M \futurelet \@let@token \LT@@h...
l.55 food barrel & 1 &  \ \hline
                                
I expect to see \noalign only after the \cr of
an alignment. Proceed, and I'll ignore this case.

! Misplaced \omit.
\multispan ->\omit 
                   \@multispan 
l.56 g
      arbage bags (make sure they are resealable) & 10 & Resealable bags are...
I expect to see \omit only after tab marks or the \cr of
an alignment. Proceed, and I'll ignore this case.

! Extra alignment tab has been changed to \cr.
<recently read> \endtemplate 
                             
l.56 g
      arbage bags (make sure they are resealable) & 10 & Resealable bags are...
You have given more \span or & marks than there were
in the preamble to the \halign or \valign now in progress.
So I'll assume that you meant to type \cr instead.


Underfull \hbox (badness 4303) in paragraph at lines 56--56
[]|\T1/ptm/m/n/12 garbage bags (make
 []


Underfull \hbox (badness 1178) in paragraph at lines 56--56
\T1/ptm/m/n/12 sure they are re-seal-
 []

! Misplaced \noalign.
\hline ->\noalign 
                  {\ifnum 0=`}\fi \penalty \@M \futurelet \@let@token \LT@@h...
l.56 ...poses, like waterproofing things. \ \hline
                                                  
I expect to see \noalign only after the \cr of
an alignment. Proceed, and I'll ignore this case.

! Misplaced \omit.
\multispan ->\omit 
                   \@multispan 
l.57 g
      eneral purpose knife & 1 &  \ \hline
I expect to see \omit only after tab marks or the \cr of
an alignment. Proceed, and I'll ignore this case.

! Extra alignment tab has been changed to \cr.
<recently read> \endtemplate 
                             
l.57 g
      eneral purpose knife & 1 &  \ \hline
You have given more \span or & marks than there were
in the preamble to the \halign or \valign now in progress.
So I'll assume that you meant to type \cr instead.

! Misplaced \noalign.
\hline ->\noalign 
                  {\ifnum 0=`}\fi \penalty \@M \futurelet \@let@token \LT@@h...
l.57 general purpose knife & 1 &  \ \hline
                                          
I expect to see \noalign only after the \cr of
an alignment. Proceed, and I'll ignore this case.

! Misplaced \omit.
\multispan ->\omit 
                   \@multispan 
l.58 g
      round cover & 1 & Put a ground cover under the tent to prevent condens...
I expect to see \omit only after tab marks or the \cr of
an alignment. Proceed, and I'll ignore this case.

! Extra alignment tab has been changed to \cr.
<recently read> \endtemplate 
                             
l.58 g
      round cover & 1 & Put a ground cover under the tent to prevent condens...
You have given more \span or & marks than there were
in the preamble to the \halign or \valign now in progress.
So I'll assume that you meant to type \cr instead.

! Misplaced \noalign.
\hline ->\noalign 
                  {\ifnum 0=`}\fi \penalty \@M \futurelet \@let@token \LT@@h...
l.58 ...ent condensation from the ground. \ \hline
                                                  
I expect to see \noalign only after the \cr of
an alignment. Proceed, and I'll ignore this case.

! Misplaced \omit.
\multispan ->\omit 
                   \@multispan 
l.59 h
      iking pants & 1 & Pants while hiking prevents ticks from biting you an...
I expect to see \omit only after tab marks or the \cr of
an alignment. Proceed, and I'll ignore this case.

! Extra alignment tab has been changed to \cr.
<recently read> \endtemplate 
                             
l.59 h
      iking pants & 1 & Pants while hiking prevents ticks from biting you an...
You have given more \span or & marks than there were
in the preamble to the \halign or \valign now in progress.
So I'll assume that you meant to type \cr instead.

! Misplaced \noalign.
\hline ->\noalign 
                  {\ifnum 0=`}\fi \penalty \@M \futurelet \@let@token \LT@@h...
l.59 ...g you and giving you Lyme Disease \ \hline
                                                  
I expect to see \noalign only after the \cr of
an alignment. Proceed, and I'll ignore this case.

! Misplaced \omit.
\multispan ->\omit 
                   \@multispan 
l.60 k
      ayak & 1 &  \ \hline
I expect to see \omit only after tab marks or the \cr of
an alignment. Proceed, and I'll ignore this case.

! Extra alignment tab has been changed to \cr.
<recently read> \endtemplate 
                             
l.60 k
      ayak & 1 &  \ \hline
You have given more \span or & marks than there were
in the preamble to the \halign or \valign now in progress.
So I'll assume that you meant to type \cr instead.

! Misplaced \noalign.
\hline ->\noalign 
                  {\ifnum 0=`}\fi \penalty \@M \futurelet \@let@token \LT@@h...
l.60 kayak & 1 &  \ \hline
                          
I expect to see \noalign only after the \cr of
an alignment. Proceed, and I'll ignore this case.

! Misplaced \omit.
\multispan ->\omit 
                   \@multispan 
l.61 k
      ayak paddle & 1 &  \ \hline
I expect to see \omit only after tab marks or the \cr of
an alignment. Proceed, and I'll ignore this case.

! Extra alignment tab has been changed to \cr.
<recently read> \endtemplate 
                             
l.61 k
      ayak paddle & 1 &  \ \hline
You have given more \span or & marks than there were
in the preamble to the \halign or \valign now in progress.
So I'll assume that you meant to type \cr instead.

! Misplaced \noalign.
\hline ->\noalign 
                  {\ifnum 0=`}\fi \penalty \@M \futurelet \@let@token \LT@@h...
l.61 kayak paddle & 1 &  \ \hline
                                 
I expect to see \noalign only after the \cr of
an alignment. Proceed, and I'll ignore this case.

! Misplaced \omit.
\multispan ->\omit 
                   \@multispan 
l.62 k
      ayak radar reflector & 1 &  \ \hline
I expect to see \omit only after tab marks or the \cr of
an alignment. Proceed, and I'll ignore this case.

! Extra alignment tab has been changed to \cr.
<recently read> \endtemplate 
                             
l.62 k
      ayak radar reflector & 1 &  \ \hline
You have given more \span or & marks than there were
in the preamble to the \halign or \valign now in progress.
So I'll assume that you meant to type \cr instead.

! Misplaced \noalign.
\hline ->\noalign 
                  {\ifnum 0=`}\fi \penalty \@M \futurelet \@let@token \LT@@h...
l.62 kayak radar reflector & 1 &  \ \hline
                                          
I expect to see \noalign only after the \cr of
an alignment. Proceed, and I'll ignore this case.

! Misplaced \omit.
\multispan ->\omit 
                   \@multispan 
l.63 k
      ayak repair kit (adhesive, plastic patches, marine epoxy) & 1 &  \ \hline
I expect to see \omit only after tab marks or the \cr of
an alignment. Proceed, and I'll ignore this case.

! Extra alignment tab has been changed to \cr.
<recently read> \endtemplate 
                             
l.63 k
      ayak repair kit (adhesive, plastic patches, marine epoxy) & 1 &  \ \hline
You have given more \span or & marks than there were
in the preamble to the \halign or \valign now in progress.
So I'll assume that you meant to type \cr instead.

! Misplaced \noalign.
\hline ->\noalign 
                  {\ifnum 0=`}\fi \penalty \@M \futurelet \@let@token \LT@@h...
l.63 ...tic patches, marine epoxy) & 1 &  \ \hline
                                                  
I expect to see \noalign only after the \cr of
an alignment. Proceed, and I'll ignore this case.

! Misplaced \omit.
\multispan ->\omit 
                   \@multispan 
l.64 k
      ayaking map & 1 &  \ \hline
I expect to see \omit only after tab marks or the \cr of
an alignment. Proceed, and I'll ignore this case.

! Extra alignment tab has been changed to \cr.
<recently read> \endtemplate 
                             
l.64 k
      ayaking map & 1 &  \ \hline
You have given more \span or & marks than there were
in the preamble to the \halign or \valign now in progress.
So I'll assume that you meant to type \cr instead.

! Misplaced \noalign.
\hline ->\noalign 
                  {\ifnum 0=`}\fi \penalty \@M \futurelet \@let@token \LT@@h...
l.64 kayaking map & 1 &  \ \hline
                                 
I expect to see \noalign only after the \cr of
an alignment. Proceed, and I'll ignore this case.

! Misplaced \omit.
\multispan ->\omit 
                   \@multispan 
l.65 l
      ife jacket or PFD & 1 &  \ \hline
I expect to see \omit only after tab marks or the \cr of
an alignment. Proceed, and I'll ignore this case.

! Extra alignment tab has been changed to \cr.
<recently read> \endtemplate 
                             
l.65 l
      ife jacket or PFD & 1 &  \ \hline
You have given more \span or & marks than there were
in the preamble to the \halign or \valign now in progress.
So I'll assume that you meant to type \cr instead.

! Misplaced \noalign.
\hline ->\noalign 
                  {\ifnum 0=`}\fi \penalty \@M \futurelet \@let@token \LT@@h...
l.65 life jacket or PFD & 1 &  \ \hline
                                       
I expect to see \noalign only after the \cr of
an alignment. Proceed, and I'll ignore this case.

! Misplaced \omit.
\multispan ->\omit 
                   \@multispan 
l.66 l
      ighter & 2 & Make sure it is refilled before a trip. "Windproof" light...
I expect to see \omit only after tab marks or the \cr of
an alignment. Proceed, and I'll ignore this case.

! Extra alignment tab has been changed to \cr.
<recently read> \endtemplate 
                             
l.66 l
      ighter & 2 & Make sure it is refilled before a trip. "Windproof" light...
You have given more \span or & marks than there were
in the preamble to the \halign or \valign now in progress.
So I'll assume that you meant to type \cr instead.

! Misplaced \noalign.
\hline ->\noalign 
                  {\ifnum 0=`}\fi \penalty \@M \futurelet \@let@token \LT@@h...
l.66 ... flame that burns hotter than red \ \hline
                                                  
I expect to see \noalign only after the \cr of
an alignment. Proceed, and I'll ignore this case.

! Misplaced \omit.
\multispan ->\omit 
                   \@multispan 
l.67 m
      ap & 1 &  \ \hline
I expect to see \omit only after tab marks or the \cr of
an alignment. Proceed, and I'll ignore this case.

! Extra alignment tab has been changed to \cr.
<recently read> \endtemplate 
                             
l.67 m
      ap & 1 &  \ \hline
You have given more \span or & marks than there were
in the preamble to the \halign or \valign now in progress.
So I'll assume that you meant to type \cr instead.

! Misplaced \noalign.
\hline ->\noalign 
                  {\ifnum 0=`}\fi \penalty \@M \futurelet \@let@token \LT@@h...
l.67 map & 1 &  \ \hline
                        
I expect to see \noalign only after the \cr of
an alignment. Proceed, and I'll ignore this case.

! Misplaced \omit.
\multispan ->\omit 
                   \@multispan 
l.68 m
      arine radio & 1 &  \ \hline
I expect to see \omit only after tab marks or the \cr of
an alignment. Proceed, and I'll ignore this case.

! Extra alignment tab has been changed to \cr.
<recently read> \endtemplate 
                             
l.68 m
      arine radio & 1 &  \ \hline
You have given more \span or & marks than there were
in the preamble to the \halign or \valign now in progress.
So I'll assume that you meant to type \cr instead.

! Misplaced \noalign.
\hline ->\noalign 
                  {\ifnum 0=`}\fi \penalty \@M \futurelet \@let@token \LT@@h...
l.68 marine radio & 1 &  \ \hline
                                 
I expect to see \noalign only after the \cr of
an alignment. Proceed, and I'll ignore this case.

! Misplaced \omit.
\multispan ->\omit 
                   \@multispan 
l.69 m
      arine radio frequency channels chart & 1 &  \ \hline
I expect to see \omit only after tab marks or the \cr of
an alignment. Proceed, and I'll ignore this case.

! Extra alignment tab has been changed to \cr.
<recently read> \endtemplate 
                             
l.69 m
      arine radio frequency channels chart & 1 &  \ \hline
You have given more \span or & marks than there were
in the preamble to the \halign or \valign now in progress.
So I'll assume that you meant to type \cr instead.


Underfull \hbox (badness 10000) in paragraph at lines 69--69
[]|\T1/ptm/m/n/12 marine ra-dio fre-
 []


Underfull \hbox (badness 10000) in paragraph at lines 69--69
\T1/ptm/m/n/12 quency chan-nels
 []

! Misplaced \noalign.
\hline ->\noalign 
                  {\ifnum 0=`}\fi \penalty \@M \futurelet \@let@token \LT@@h...
l.69 ...o frequency channels chart & 1 &  \ \hline
                                                  
I expect to see \noalign only after the \cr of
an alignment. Proceed, and I'll ignore this case.

! Misplaced \omit.
\multispan ->\omit 
                   \@multispan 
l.70 p
      assive sound-signalling device. ex. whistle & 1 &  \ \hline
I expect to see \omit only after tab marks or the \cr of
an alignment. Proceed, and I'll ignore this case.

! Extra alignment tab has been changed to \cr.
<recently read> \endtemplate 
                             
l.70 p
      assive sound-signalling device. ex. whistle & 1 &  \ \hline
You have given more \span or & marks than there were
in the preamble to the \halign or \valign now in progress.
So I'll assume that you meant to type \cr instead.


Underfull \hbox (badness 10000) in paragraph at lines 70--70
[]|\T1/ptm/m/n/12 passive sound-
 []


Underfull \hbox (badness 10000) in paragraph at lines 70--70
\T1/ptm/m/n/12 signalling de-vice.
 []

! Misplaced \noalign.
\hline ->\noalign 
                  {\ifnum 0=`}\fi \penalty \@M \futurelet \@let@token \LT@@h...
l.70 ...alling device. ex. whistle & 1 &  \ \hline
                                                  
I expect to see \noalign only after the \cr of
an alignment. Proceed, and I'll ignore this case.

! Misplaced \omit.
\multispan ->\omit 
                   \@multispan 
l.71 p
      illow & 1 &  \ \hline
I expect to see \omit only after tab marks or the \cr of
an alignment. Proceed, and I'll ignore this case.

! Extra alignment tab has been changed to \cr.
<recently read> \endtemplate 
                             
l.71 p
      illow & 1 &  \ \hline
You have given more \span or & marks than there were
in the preamble to the \halign or \valign now in progress.
So I'll assume that you meant to type \cr instead.

! Misplaced \noalign.
\hline ->\noalign 
                  {\ifnum 0=`}\fi \penalty \@M \futurelet \@let@token \LT@@h...
l.71 pillow & 1 &  \ \hline
                           
I expect to see \noalign only after the \cr of
an alignment. Proceed, and I'll ignore this case.

! Misplaced \omit.
\multispan ->\omit 
                   \@multispan 
l.72 p
      olarizing sun glasses & 1 & Polarized lenses cut down on glare, so you...
I expect to see \omit only after tab marks or the \cr of
an alignment. Proceed, and I'll ignore this case.

! Extra alignment tab has been changed to \cr.
<recently read> \endtemplate 
                             
l.72 p
      olarizing sun glasses & 1 & Polarized lenses cut down on glare, so you...
You have given more \span or & marks than there were
in the preamble to the \halign or \valign now in progress.
So I'll assume that you meant to type \cr instead.

! Misplaced \noalign.
\hline ->\noalign 
                  {\ifnum 0=`}\fi \penalty \@M \futurelet \@let@token \LT@@h...
l.72 ...u can see fish underwater better. \ \hline
                                                  
I expect to see \noalign only after the \cr of
an alignment. Proceed, and I'll ignore this case.

! Misplaced \omit.
\multispan ->\omit 
                   \@multispan 
l.73 p
      ots and pans & 1 &  \ \hline
I expect to see \omit only after tab marks or the \cr of
an alignment. Proceed, and I'll ignore this case.

! Extra alignment tab has been changed to \cr.
<recently read> \endtemplate 
                             
l.73 p
      ots and pans & 1 &  \ \hline
You have given more \span or & marks than there were
in the preamble to the \halign or \valign now in progress.
So I'll assume that you meant to type \cr instead.

! Misplaced \noalign.
\hline ->\noalign 
                  {\ifnum 0=`}\fi \penalty \@M \futurelet \@let@token \LT@@h...
l.73 pots and pans & 1 &  \ \hline
                                  
I expect to see \noalign only after the \cr of
an alignment. Proceed, and I'll ignore this case.

! Misplaced \omit.
\multispan ->\omit 
                   \@multispan 
l.74 r
      ain jacket and pants & 1 &  \ \hline
I expect to see \omit only after tab marks or the \cr of
an alignment. Proceed, and I'll ignore this case.

! Extra alignment tab has been changed to \cr.
<recently read> \endtemplate 
                             
l.74 r
      ain jacket and pants & 1 &  \ \hline
You have given more \span or & marks than there were
in the preamble to the \halign or \valign now in progress.
So I'll assume that you meant to type \cr instead.

! Misplaced \noalign.
\hline ->\noalign 
                  {\ifnum 0=`}\fi \penalty \@M \futurelet \@let@token \LT@@h...
l.74 rain jacket and pants & 1 &  \ \hline
                                          
I expect to see \noalign only after the \cr of
an alignment. Proceed, and I'll ignore this case.

! Misplaced \omit.
\multispan ->\omit 
                   \@multispan 
l.75 r
      ope & 2 & Use two different rope materials, one slippery to the touch,...
I expect to see \omit only after tab marks or the \cr of
an alignment. Proceed, and I'll ignore this case.

! Extra alignment tab has been changed to \cr.
<recently read> \endtemplate 
                             
l.75 r
      ope & 2 & Use two different rope materials, one slippery to the touch,...
You have given more \span or & marks than there were
in the preamble to the \halign or \valign now in progress.
So I'll assume that you meant to type \cr instead.

! Misplaced \noalign.
\hline ->\noalign 
                  {\ifnum 0=`}\fi \penalty \@M \futurelet \@let@token \LT@@h...
l.75 ...ou make different kinds of knots. \ \hline
                                                  
I expect to see \noalign only after the \cr of
an alignment. Proceed, and I'll ignore this case.

! Misplaced \omit.
\multispan ->\omit 
                   \@multispan 
l.76 s
      aw or hatchet & 1 &  \ \hline
I expect to see \omit only after tab marks or the \cr of
an alignment. Proceed, and I'll ignore this case.

! Extra alignment tab has been changed to \cr.
<recently read> \endtemplate 
                             
l.76 s
      aw or hatchet & 1 &  \ \hline
You have given more \span or & marks than there were
in the preamble to the \halign or \valign now in progress.
So I'll assume that you meant to type \cr instead.

! Misplaced \noalign.
\hline ->\noalign 
                  {\ifnum 0=`}\fi \penalty \@M \futurelet \@let@token \LT@@h...
l.76 saw or hatchet & 1 &  \ \hline
                                   
I expect to see \noalign only after the \cr of
an alignment. Proceed, and I'll ignore this case.

! Misplaced \omit.
\multispan ->\omit 
                   \@multispan 
l.77 s
      leeping bag & 1 &  \ \hline
I expect to see \omit only after tab marks or the \cr of
an alignment. Proceed, and I'll ignore this case.

! Extra alignment tab has been changed to \cr.
<recently read> \endtemplate 
                             
l.77 s
      leeping bag & 1 &  \ \hline
You have given more \span or & marks than there were
in the preamble to the \halign or \valign now in progress.
So I'll assume that you meant to type \cr instead.

! Misplaced \noalign.
\hline ->\noalign 
                  {\ifnum 0=`}\fi \penalty \@M \futurelet \@let@token \LT@@h...
l.77 sleeping bag & 1 &  \ \hline
                                 
I expect to see \noalign only after the \cr of
an alignment. Proceed, and I'll ignore this case.

! Misplaced \omit.
\multispan ->\omit 
                   \@multispan 
l.78 s
      leeping pad & 1 & Inflatable pads compensate for uneven terrian better...
I expect to see \omit only after tab marks or the \cr of
an alignment. Proceed, and I'll ignore this case.

! Extra alignment tab has been changed to \cr.
<recently read> \endtemplate 
                             
l.78 s
      leeping pad & 1 & Inflatable pads compensate for uneven terrian better...
You have given more \span or & marks than there were
in the preamble to the \halign or \valign now in progress.
So I'll assume that you meant to type \cr instead.

! Misplaced \noalign.
\hline ->\noalign 
                  {\ifnum 0=`}\fi \penalty \@M \futurelet \@let@token \LT@@h...
l.78 ... foam pads, and are more compact. \ \hline
                                                  
I expect to see \noalign only after the \cr of
an alignment. Proceed, and I'll ignore this case.

! Misplaced \omit.
\multispan ->\omit 
                   \@multispan 
l.79 s
      unscreen & 1 & Higher SPF is more protection, but is it also more canc...
I expect to see \omit only after tab marks or the \cr of
an alignment. Proceed, and I'll ignore this case.

! Extra alignment tab has been changed to \cr.
<recently read> \endtemplate 
                             
l.79 s
      unscreen & 1 & Higher SPF is more protection, but is it also more canc...
You have given more \span or & marks than there were
in the preamble to the \halign or \valign now in progress.
So I'll assume that you meant to type \cr instead.

! Misplaced \noalign.
\hline ->\noalign 
                  {\ifnum 0=`}\fi \penalty \@M \futurelet \@let@token \LT@@h...
l.79 ...tion, but is it also more cancer? \ \hline
                                                  
I expect to see \noalign only after the \cr of
an alignment. Proceed, and I'll ignore this case.

! Misplaced \omit.
\multispan ->\omit 
                   \@multispan 
l.80 t
      arp & 1 & Bring bungee cords and make sure the tarp does not touch any...
I expect to see \omit only after tab marks or the \cr of
an alignment. Proceed, and I'll ignore this case.

! Extra alignment tab has been changed to \cr.
<recently read> \endtemplate 
                             
l.80 t
      arp & 1 & Bring bungee cords and make sure the tarp does not touch any...
You have given more \span or & marks than there were
in the preamble to the \halign or \valign now in progress.
So I'll assume that you meant to type \cr instead.

! Misplaced \noalign.
\hline ->\noalign 
                  {\ifnum 0=`}\fi \penalty \@M \futurelet \@let@token \LT@@h...
l.80 ...o the tent. Useful Knots: bowline \ \hline
                                                  
I expect to see \noalign only after the \cr of
an alignment. Proceed, and I'll ignore this case.

! Misplaced \omit.
\multispan ->\omit 
                   \@multispan 
l.81 t
      ent & 1 & Useful knots: bowline (connect the top of the tent to a tree...
I expect to see \omit only after tab marks or the \cr of
an alignment. Proceed, and I'll ignore this case.

! Extra alignment tab has been changed to \cr.
<recently read> \endtemplate 
                             
l.81 t
      ent & 1 & Useful knots: bowline (connect the top of the tent to a tree...
You have given more \span or & marks than there were
in the preamble to the \halign or \valign now in progress.
So I'll assume that you meant to type \cr instead.

! Misplaced \noalign.
\hline ->\noalign 
                  {\ifnum 0=`}\fi \penalty \@M \futurelet \@let@token \LT@@h...
l.81 ... hanging things from a caribiner) \ \hline
                                                  
I expect to see \noalign only after the \cr of
an alignment. Proceed, and I'll ignore this case.

! Misplaced \omit.
\multispan ->\omit 
                   \@multispan 
l.82 t
      idal and wave charts & 1 &  \ \hline
I expect to see \omit only after tab marks or the \cr of
an alignment. Proceed, and I'll ignore this case.

! Extra alignment tab has been changed to \cr.
<recently read> \endtemplate 
                             
l.82 t
      idal and wave charts & 1 &  \ \hline
You have given more \span or & marks than there were
in the preamble to the \halign or \valign now in progress.
So I'll assume that you meant to type \cr instead.

! Misplaced \noalign.
\hline ->\noalign 
                  {\ifnum 0=`}\fi \penalty \@M \futurelet \@let@token \LT@@h...
l.82 tidal and wave charts & 1 &  \ \hline
                                          
I expect to see \noalign only after the \cr of
an alignment. Proceed, and I'll ignore this case.

! Misplaced \omit.
\multispan ->\omit 
                   \@multispan 
l.83 t
      oiletries (tooth paste, tooth brush, floss, nail clippers, toilet pape...
I expect to see \omit only after tab marks or the \cr of
an alignment. Proceed, and I'll ignore this case.

! Extra alignment tab has been changed to \cr.
<recently read> \endtemplate 
                             
l.83 t
      oiletries (tooth paste, tooth brush, floss, nail clippers, toilet pape...
You have given more \span or & marks than there were
in the preamble to the \halign or \valign now in progress.
So I'll assume that you meant to type \cr instead.

! Misplaced \noalign.
\hline ->\noalign 
                  {\ifnum 0=`}\fi \penalty \@M \futurelet \@let@token \LT@@h...
l.83 ...s (you may chip it during a fall) \ \hline
                                                  
I expect to see \noalign only after the \cr of
an alignment. Proceed, and I'll ignore this case.

! Misplaced \omit.
\multispan ->\omit 
                   \@multispan 
l.84 t
      ylenol & 10 &  \ \hline
I expect to see \omit only after tab marks or the \cr of
an alignment. Proceed, and I'll ignore this case.

! Extra alignment tab has been changed to \cr.
<recently read> \endtemplate 
                             
l.84 t
      ylenol & 10 &  \ \hline
You have given more \span or & marks than there were
in the preamble to the \halign or \valign now in progress.
So I'll assume that you meant to type \cr instead.

! Misplaced \noalign.
\hline ->\noalign 
                  {\ifnum 0=`}\fi \penalty \@M \futurelet \@let@token \LT@@h...
l.84 tylenol & 10 &  \ \hline
                             
I expect to see \noalign only after the \cr of
an alignment. Proceed, and I'll ignore this case.

! Misplaced \omit.
\multispan ->\omit 
                   \@multispan 
l.85 w
      ateproof flashlight & 1 &  \ \hline
I expect to see \omit only after tab marks or the \cr of
an alignment. Proceed, and I'll ignore this case.

! Extra alignment tab has been changed to \cr.
<recently read> \endtemplate 
                             
l.85 w
      ateproof flashlight & 1 &  \ \hline
You have given more \span or & marks than there were
in the preamble to the \halign or \valign now in progress.
So I'll assume that you meant to type \cr instead.

! Misplaced \noalign.
\hline ->\noalign 
                  {\ifnum 0=`}\fi \penalty \@M \futurelet \@let@token \LT@@h...
l.85 wateproof flashlight & 1 &  \ \hline
                                         
I expect to see \noalign only after the \cr of
an alignment. Proceed, and I'll ignore this case.

! Misplaced \omit.
\multispan ->\omit 
                   \@multispan 
l.86 w
      ater bottle & 1 & Choose a hard-shell water bottle: it can be used for...
I expect to see \omit only after tab marks or the \cr of
an alignment. Proceed, and I'll ignore this case.

! Extra alignment tab has been changed to \cr.
<recently read> \endtemplate 
                             
l.86 w
      ater bottle & 1 & Choose a hard-shell water bottle: it can be used for...
You have given more \span or & marks than there were
in the preamble to the \halign or \valign now in progress.
So I'll assume that you meant to type \cr instead.

! Misplaced \noalign.
\hline ->\noalign 
                  {\ifnum 0=`}\fi \penalty \@M \futurelet \@let@token \LT@@h...
l.86 ... container for something fragile. \ \hline
                                                  
I expect to see \noalign only after the \cr of
an alignment. Proceed, and I'll ignore this case.

! Misplaced \omit.
\multispan ->\omit 
                   \@multispan 
l.87 w
      ater shoes & 1 &  \ \hline
I expect to see \omit only after tab marks or the \cr of
an alignment. Proceed, and I'll ignore this case.

! Extra alignment tab has been changed to \cr.
<recently read> \endtemplate 
                             
l.87 w
      ater shoes & 1 &  \ \hline
You have given more \span or & marks than there were
in the preamble to the \halign or \valign now in progress.
So I'll assume that you meant to type \cr instead.

! Misplaced \noalign.
\hline ->\noalign 
                  {\ifnum 0=`}\fi \penalty \@M \futurelet \@let@token \LT@@h...
l.87 water shoes & 1 &  \ \hline
                                
I expect to see \noalign only after the \cr of
an alignment. Proceed, and I'll ignore this case.

! Misplaced \omit.
\multispan ->\omit 
                   \@multispan 
l.88  	\end
           {longtable}
I expect to see \omit only after tab marks or the \cr of
an alignment. Proceed, and I'll ignore this case.

! Extra alignment tab has been changed to \cr.
<recently read> \endtemplate 
                             
l.88  	\end
           {longtable}
You have given more \span or & marks than there were
in the preamble to the \halign or \valign now in progress.
So I'll assume that you meant to type \cr instead.


Underfull \vbox (badness 10000) detected at line 88
 []

[1

{/var/lib/texmf/fonts/map/pdftex/updmap/pdftex.map}]

Package Fancyhdr Warning: \headheight is too small (12.0pt): 
 Make it at least 14.49998pt.
 We now make it that large for the rest of the document.
 This may cause the page layout to be inconsistent, however.

[2]
! Misplaced \noalign.
\hline ->\noalign 
                  {\ifnum 0=`}\fi \hrule \@height \arrayrulewidth \futurelet...
l.100 ...up skin and watch out for ticks! \ \hline
                                                  
I expect to see \noalign only after the \cr of
an alignment. Proceed, and I'll ignore this case.

[3] (./latex//packingList.aux) ) 
Here is how much of TeX's memory you used:
 1979 strings out of 494953
 24657 string characters out of 6180977
 139611 words of memory out of 5000000
 5251 multiletter control sequences out of 15000+600000
 31035 words of font info for 47 fonts, out of 8000000 for 9000
 14 hyphenation exceptions out of 8191
 28i,10n,43p,221b,323s stack positions out of 5000i,500n,10000p,200000b,80000s
{/usr/share/texlive/texmf-dist/fonts/enc/dvips/
base/8r.enc}</usr/share/texlive/texmf-dist/fonts/type1/urw/times/utmb8a.pfb></u
sr/share/texlive/texmf-dist/fonts/type1/urw/times/utmr8a.pfb></usr/share/texliv
e/texmf-dist/fonts/type1/urw/times/utmr8a.pfb>
Output written on ./latex//packingList.pdf (3 pages, 43213 bytes).
PDF statistics:
 27 PDF objects out of 1000 (max. 8388607)
 18 compressed objects within 1 object stream
 0 named destinations out of 1000 (max. 500000)
 1 words of extra memory for PDF output out of 10000 (max. 10000000)

